<?xml version="1.0" encoding="UTF-8"?>
<testsuite xmlns:xsi="http://www.w3.org/2001/XMLSchema-instance" xsi:noNamespaceSchemaLocation="https://maven.apache.org/surefire/maven-surefire-plugin/xsd/surefire-test-report-3.0.xsd" version="3.0" name="com.mycompany.calc.CalcTest" time="0.126" tests="6" errors="0" skipped="0" failures="0">
  <properties>
[...]
</properties>
  <testcase name="testAdd" classname="com.mycompany.calc.CalcTest" time="0.043">
    <system-out><![CDATA[add
8
]]></system-out>
  </testcase>
  <testcase name="testDiv" classname="com.mycompany.calc.CalcTest" time="0.004">
    <system-out><![CDATA[div
5
]]></system-out>
  </testcase>
  <testcase name="testMin" classname="com.mycompany.calc.CalcTest" time="0.003">
    <system-out><![CDATA[min
1
]]></system-out>
  </testcase>
  <testcase name="testCarea" classname="com.mycompany.calc.CalcTest" time="0.0">
    <system-out><![CDATA[carea
12.56
]]></system-out>
  </testcase>
  <testcase name="testMain" classname="com.mycompany.calc.CalcTest" time="0.032">
    <system-out><![CDATA[main
8
15
0
-2
Hello World!8150-2
314.0
Area of circle is 314.0
]]></system-out>
  </testcase>
  <testcase name="testMult" classname="com.mycompany.calc.CalcTest" time="0.002">
    <system-out><![CDATA[mult
6
]]></system-out>
  </testcase>
</testsuite>